2017-09-21 09:00:04,795 - Closing org.springframework.boot.context.embedded.AnnotationConfigEmbeddedWebApplicationContext@10b7e967: startup date [Thu Sep 21 08:58:18 CST 2017]; root of context hierarchy
2017-09-21 09:00:04,798 - Unregistering JMX-exposed beans on shutdown
2017-09-21 09:00:04,799 - Unregistering JMX-exposed beans
2017-09-21 09:00:04,799 - Closing JPA EntityManagerFactory for persistence unit 'default'
2017-09-21 09:00:04,802 - {dataSource-4} closed
2017-09-21 09:00:05,356 - Starting Application on MrZhang with PID 3884 (D:\workspace\sell\target\classes started by MrZhang in D:\workspace\sell)
2017-09-21 09:00:05,384 - The following profiles are active: dev
2017-09-21 09:00:05,387 - Refreshing org.springframework.boot.context.embedded.AnnotationConfigEmbeddedWebApplicationContext@511f8a09: startup date [Thu Sep 21 09:00:05 CST 2017]; root of context hierarchy
2017-09-21 09:00:05,815 - Multiple Spring Data modules found, entering strict repository configuration mode!
2017-09-21 09:00:05,889 - Multiple Spring Data modules found, entering strict repository configuration mode!
2017-09-21 09:00:05,928 - Spring Data Redis - Could not safely identify store assignment for repository candidate interface cn.MrZhang.repository.ProductInfoRepository.
2017-09-21 09:00:05,929 - Spring Data Redis - Could not safely identify store assignment for repository candidate interface cn.MrZhang.repository.OrderDetailRepository.
2017-09-21 09:00:05,929 - Spring Data Redis - Could not safely identify store assignment for repository candidate interface cn.MrZhang.repository.OrderMasterRepository.
2017-09-21 09:00:05,934 - Spring Data Redis - Could not safely identify store assignment for repository candidate interface cn.MrZhang.repository.ProductCategoryRepository.
2017-09-21 09:00:06,202 - Tomcat initialized with port(s): 8089 (http)
2017-09-21 09:00:06,247 - Root WebApplicationContext: initialization completed in 860 ms
2017-09-21 09:00:06,297 - Mapping servlet: 'dispatcherServlet' to [/]
2017-09-21 09:00:06,297 - Mapping servlet: 'statViewServlet' to [/druid/*]
2017-09-21 09:00:06,297 - Mapping filter: 'characterEncodingFilter' to: [/*]
2017-09-21 09:00:06,298 - Mapping filter: 'webStatFilter' to urls: [/*]
2017-09-21 09:00:06,782 - Building JPA container EntityManagerFactory for persistence unit 'default'
2017-09-21 09:00:06,782 - HHH000204: Processing PersistenceUnitInfo [
	name: default
	...]
2017-09-21 09:00:06,799 - {dataSource-5} inited
2017-09-21 09:00:06,806 - HHH000400: Using dialect: org.hibernate.dialect.MySQL5Dialect
2017-09-21 09:00:06,857 - HHH000228: Running hbm2ddl schema update
2017-09-21 09:00:06,989 - Initialized JPA EntityManagerFactory for persistence unit 'default'
2017-09-21 09:00:07,175 - Mapped "{[/buyer/order/list],methods=[GET]}" onto public cn.MrZhang.vo.ResultVo<java.util.List<cn.MrZhang.dto.OrderDTO>> cn.MrZhang.controller.BuyOrderController.list(java.lang.String,java.lang.Integer,java.lang.Integer)
2017-09-21 09:00:07,175 - Mapped "{[/buyer/order/cancel],methods=[POST]}" onto public cn.MrZhang.vo.ResultVo<java.util.List<cn.MrZhang.dto.OrderDTO>> cn.MrZhang.controller.BuyOrderController.cancel(java.lang.String,java.lang.String)
2017-09-21 09:00:07,176 - Mapped "{[/buyer/order/create],methods=[POST]}" onto public cn.MrZhang.vo.ResultVo<java.util.Map<java.lang.String, java.lang.String>> cn.MrZhang.controller.BuyOrderController.creat(cn.MrZhang.form.OrderForm)
2017-09-21 09:00:07,176 - Mapped "{[/buyer/order/detail],methods=[GET]}" onto public cn.MrZhang.vo.ResultVo<java.util.List<cn.MrZhang.dto.OrderDTO>> cn.MrZhang.controller.BuyOrderController.detail(java.lang.String,java.lang.String)
2017-09-21 09:00:07,178 - Mapped "{[/buyer/product/list],methods=[GET]}" onto public cn.MrZhang.vo.ResultVo cn.MrZhang.controller.BuyProductController.list()
2017-09-21 09:00:07,180 - Mapped "{[/error]}" onto public org.springframework.http.ResponseEntity<java.util.Map<java.lang.String, java.lang.Object>> org.springframework.boot.autoconfigure.web.BasicErrorController.error(javax.servlet.http.HttpServletRequest)
2017-09-21 09:00:07,180 - Mapped "{[/error],produces=[text/html]}" onto public org.springframework.web.servlet.ModelAndView org.springframework.boot.autoconfigure.web.BasicErrorController.errorHtml(javax.servlet.http.HttpServletRequest,javax.servlet.http.HttpServletResponse)
2017-09-21 09:00:07,210 - Looking for @ControllerAdvice: org.springframework.boot.context.embedded.AnnotationConfigEmbeddedWebApplicationContext@511f8a09: startup date [Thu Sep 21 09:00:05 CST 2017]; root of context hierarchy
2017-09-21 09:00:07,220 - Detected @ExceptionHandler methods in commonExceptionAdvice
2017-09-21 09:00:07,332 - LiveReload server is running on port 35729
2017-09-21 09:00:07,393 - Registering beans for JMX exposure on startup
2017-09-21 09:00:07,393 - Bean with name 'statFilter' has been autodetected for JMX exposure
2017-09-21 09:00:07,394 - Bean with name 'dataSource' has been autodetected for JMX exposure
2017-09-21 09:00:07,395 - Located MBean 'dataSource': registering with JMX server as MBean [com.alibaba.druid.spring.boot.autoconfigure:name=dataSource,type=DruidDataSourceWrapper]
2017-09-21 09:00:07,396 - Located MBean 'statFilter': registering with JMX server as MBean [com.alibaba.druid.filter.stat:name=statFilter,type=StatFilter]
2017-09-21 09:00:07,408 - Tomcat started on port(s): 8089 (http)
2017-09-21 09:00:07,410 - Started Application in 2.102 seconds (JVM running for 1470.656)
2017-09-21 09:25:04,125 - Starting Application on MrZhang with PID 4340 (D:\workspace\sell\target\classes started by MrZhang in D:\workspace\sell)
2017-09-21 09:25:04,128 - The following profiles are active: dev
2017-09-21 09:25:04,308 - Refreshing org.springframework.boot.context.embedded.AnnotationConfigEmbeddedWebApplicationContext@bc45cb4: startup date [Thu Sep 21 09:25:04 CST 2017]; root of context hierarchy
2017-09-21 09:25:04,886 - HV000001: Hibernate Validator 5.3.5.Final
2017-09-21 09:25:05,814 - Multiple Spring Data modules found, entering strict repository configuration mode!
2017-09-21 09:25:05,947 - Multiple Spring Data modules found, entering strict repository configuration mode!
2017-09-21 09:25:06,012 - Spring Data Redis - Could not safely identify store assignment for repository candidate interface cn.MrZhang.repository.ProductInfoRepository.
2017-09-21 09:25:06,013 - Spring Data Redis - Could not safely identify store assignment for repository candidate interface cn.MrZhang.repository.OrderDetailRepository.
2017-09-21 09:25:06,015 - Spring Data Redis - Could not safely identify store assignment for repository candidate interface cn.MrZhang.repository.OrderMasterRepository.
2017-09-21 09:25:06,016 - Spring Data Redis - Could not safely identify store assignment for repository candidate interface cn.MrZhang.repository.ProductCategoryRepository.
2017-09-21 09:25:07,512 - Tomcat initialized with port(s): 8089 (http)
2017-09-21 09:25:07,738 - Root WebApplicationContext: initialization completed in 3434 ms
2017-09-21 09:25:08,078 - Mapping servlet: 'dispatcherServlet' to [/]
2017-09-21 09:25:08,079 - Mapping servlet: 'statViewServlet' to [/druid/*]
2017-09-21 09:25:08,085 - Mapping filter: 'characterEncodingFilter' to: [/*]
2017-09-21 09:25:08,086 - Mapping filter: 'webStatFilter' to urls: [/*]
2017-09-21 09:25:08,957 - Building JPA container EntityManagerFactory for persistence unit 'default'
2017-09-21 09:25:08,982 - HHH000204: Processing PersistenceUnitInfo [
	name: default
	...]
2017-09-21 09:25:09,098 - HHH000412: Hibernate Core {5.0.12.Final}
2017-09-21 09:25:09,102 - HHH000206: hibernate.properties not found
2017-09-21 09:25:09,104 - HHH000021: Bytecode provider name : javassist
2017-09-21 09:25:09,444 - HCANN000001: Hibernate Commons Annotations {5.0.1.Final}
2017-09-21 09:25:09,702 - {dataSource-1} inited
2017-09-21 09:25:10,039 - HHH000400: Using dialect: org.hibernate.dialect.MySQL5Dialect
2017-09-21 09:25:10,606 - HHH000228: Running hbm2ddl schema update
2017-09-21 09:25:10,807 - Initialized JPA EntityManagerFactory for persistence unit 'default'
2017-09-21 09:25:11,498 - Mapped "{[/buyer/order/list],methods=[GET]}" onto public cn.MrZhang.vo.ResultVo<java.util.List<cn.MrZhang.dto.OrderDTO>> cn.MrZhang.controller.BuyOrderController.list(java.lang.String,java.lang.Integer,java.lang.Integer)
2017-09-21 09:25:11,526 - Mapped "{[/buyer/order/create],methods=[POST]}" onto public cn.MrZhang.vo.ResultVo<java.util.Map<java.lang.String, java.lang.String>> cn.MrZhang.controller.BuyOrderController.creat(cn.MrZhang.form.OrderForm)
2017-09-21 09:25:11,527 - Mapped "{[/buyer/order/cancel],methods=[POST]}" onto public cn.MrZhang.vo.ResultVo<java.util.List<cn.MrZhang.dto.OrderDTO>> cn.MrZhang.controller.BuyOrderController.cancel(java.lang.String,java.lang.String)
2017-09-21 09:25:11,530 - Mapped "{[/buyer/order/detail],methods=[GET]}" onto public cn.MrZhang.vo.ResultVo<java.util.List<cn.MrZhang.dto.OrderDTO>> cn.MrZhang.controller.BuyOrderController.detail(java.lang.String,java.lang.String)
2017-09-21 09:25:11,531 - Mapped "{[/buyer/product/list],methods=[GET]}" onto public cn.MrZhang.vo.ResultVo cn.MrZhang.controller.BuyProductController.list()
2017-09-21 09:25:11,536 - Mapped "{[/error]}" onto public org.springframework.http.ResponseEntity<java.util.Map<java.lang.String, java.lang.Object>> org.springframework.boot.autoconfigure.web.BasicErrorController.error(javax.servlet.http.HttpServletRequest)
2017-09-21 09:25:11,537 - Mapped "{[/error],produces=[text/html]}" onto public org.springframework.web.servlet.ModelAndView org.springframework.boot.autoconfigure.web.BasicErrorController.errorHtml(javax.servlet.http.HttpServletRequest,javax.servlet.http.HttpServletResponse)
2017-09-21 09:25:11,672 - Looking for @ControllerAdvice: org.springframework.boot.context.embedded.AnnotationConfigEmbeddedWebApplicationContext@bc45cb4: startup date [Thu Sep 21 09:25:04 CST 2017]; root of context hierarchy
2017-09-21 09:25:11,764 - Detected @ExceptionHandler methods in commonExceptionAdvice
2017-09-21 09:25:12,477 - LiveReload server is running on port 35729
2017-09-21 09:25:12,542 - Registering beans for JMX exposure on startup
2017-09-21 09:25:12,543 - Bean with name 'statFilter' has been autodetected for JMX exposure
2017-09-21 09:25:12,544 - Bean with name 'dataSource' has been autodetected for JMX exposure
2017-09-21 09:25:12,550 - Located MBean 'dataSource': registering with JMX server as MBean [com.alibaba.druid.spring.boot.autoconfigure:name=dataSource,type=DruidDataSourceWrapper]
2017-09-21 09:25:12,551 - Located MBean 'statFilter': registering with JMX server as MBean [com.alibaba.druid.filter.stat:name=statFilter,type=StatFilter]
2017-09-21 09:25:12,630 - Tomcat started on port(s): 8089 (http)
2017-09-21 09:25:12,637 - Started Application in 9.062 seconds (JVM running for 9.731)
2017-09-21 09:25:58,815 - FrameworkServlet 'dispatcherServlet': initialization started
2017-09-21 09:25:58,864 - FrameworkServlet 'dispatcherServlet': initialization completed in 49 ms
2017-09-21 09:25:59,127 - HHH000397: Using ASTQueryTranslatorFactory
2017-09-21 09:25:59,431 - 【查询订单】查询订单失败：用户openid不一致,openid=asdas71123912hhdashd1i,orderDTO=OrderDTO(orderId=150589784191152565, buyerName=MrZhang, buyerPhone=1888888888, buyerAddress=鹤壁市淇滨区, buyerOpenid=asdas71123912hhdashd1is, orderAmount=95.00, orderStatus=2, payStatus=0, createTime=2017-09-20 16:57:22.0, updateTime=2017-09-21 08:56:25.0, orderDetailList=[OrderDetail(detailId=150589784207197490, orderId=150589784191152565, productId=10001, productName=红烧肉, productPrice=19.00, productQuantity=5, productIcon=http://1.jpg)])
2017-09-21 09:25:59,435 - 业务逻辑异常
cn.MrZhang.exception.ServiceException: openid不合法
	at cn.MrZhang.service.Impl.BuyerServiceImpl.checkOwner(BuyerServiceImpl.java:54)
	at cn.MrZhang.service.Impl.BuyerServiceImpl.cancelOrder(BuyerServiceImpl.java:32)
	at cn.MrZhang.controller.BuyOrderController.cancel(BuyOrderController.java:106)
	at sun.reflect.NativeMethodAccessorImpl.invoke0(Native Method)
	at sun.reflect.NativeMethodAccessorImpl.invoke(NativeMethodAccessorImpl.java:62)
	at sun.reflect.DelegatingMethodAccessorImpl.invoke(DelegatingMethodAccessorImpl.java:43)
	at java.lang.reflect.Method.invoke(Method.java:498)
	at org.springframework.web.method.support.InvocableHandlerMethod.doInvoke(InvocableHandlerMethod.java:205)
	at org.springframework.web.method.support.InvocableHandlerMethod.invokeForRequest(InvocableHandlerMethod.java:133)
	at org.springframework.web.servlet.mvc.method.annotation.ServletInvocableHandlerMethod.invokeAndHandle(ServletInvocableHandlerMethod.java:97)
	at org.springframework.web.servlet.mvc.method.annotation.RequestMappingHandlerAdapter.invokeHandlerMethod(RequestMappingHandlerAdapter.java:827)
	at org.springframework.web.servlet.mvc.method.annotation.RequestMappingHandlerAdapter.handleInternal(RequestMappingHandlerAdapter.java:738)
	at org.springframework.web.servlet.mvc.method.AbstractHandlerMethodAdapter.handle(AbstractHandlerMethodAdapter.java:85)
	at org.springframework.web.servlet.DispatcherServlet.doDispatch(DispatcherServlet.java:963)
	at org.springframework.web.servlet.DispatcherServlet.doService(DispatcherServlet.java:897)
	at org.springframework.web.servlet.FrameworkServlet.processRequest(FrameworkServlet.java:970)
	at org.springframework.web.servlet.FrameworkServlet.doPost(FrameworkServlet.java:872)
	at javax.servlet.http.HttpServlet.service(HttpServlet.java:661)
	at org.springframework.web.servlet.FrameworkServlet.service(FrameworkServlet.java:846)
	at javax.servlet.http.HttpServlet.service(HttpServlet.java:742)
	at org.apache.catalina.core.ApplicationFilterChain.internalDoFilter(ApplicationFilterChain.java:231)
	at org.apache.catalina.core.ApplicationFilterChain.doFilter(ApplicationFilterChain.java:166)
	at org.apache.tomcat.websocket.server.WsFilter.doFilter(WsFilter.java:52)
	at org.apache.catalina.core.ApplicationFilterChain.internalDoFilter(ApplicationFilterChain.java:193)
	at org.apache.catalina.core.ApplicationFilterChain.doFilter(ApplicationFilterChain.java:166)
	at com.alibaba.druid.support.http.WebStatFilter.doFilter(WebStatFilter.java:123)
	at org.apache.catalina.core.ApplicationFilterChain.internalDoFilter(ApplicationFilterChain.java:193)
	at org.apache.catalina.core.ApplicationFilterChain.doFilter(ApplicationFilterChain.java:166)
	at org.springframework.web.filter.CharacterEncodingFilter.doFilterInternal(CharacterEncodingFilter.java:197)
	at org.springframework.web.filter.OncePerRequestFilter.doFilter(OncePerRequestFilter.java:107)
	at org.apache.catalina.core.ApplicationFilterChain.internalDoFilter(ApplicationFilterChain.java:193)
	at org.apache.catalina.core.ApplicationFilterChain.doFilter(ApplicationFilterChain.java:166)
	at org.apache.catalina.core.StandardWrapperValve.invoke(StandardWrapperValve.java:198)
	at org.apache.catalina.core.StandardContextValve.invoke(StandardContextValve.java:96)
	at org.apache.catalina.authenticator.AuthenticatorBase.invoke(AuthenticatorBase.java:478)
	at org.apache.catalina.core.StandardHostValve.invoke(StandardHostValve.java:140)
	at org.apache.catalina.valves.ErrorReportValve.invoke(ErrorReportValve.java:80)
	at org.apache.catalina.core.StandardEngineValve.invoke(StandardEngineValve.java:87)
	at org.apache.catalina.connector.CoyoteAdapter.service(CoyoteAdapter.java:342)
	at org.apache.coyote.http11.Http11Processor.service(Http11Processor.java:799)
	at org.apache.coyote.AbstractProcessorLight.process(AbstractProcessorLight.java:66)
	at org.apache.coyote.AbstractProtocol$ConnectionHandler.process(AbstractProtocol.java:861)
	at org.apache.tomcat.util.net.NioEndpoint$SocketProcessor.doRun(NioEndpoint.java:1455)
	at org.apache.tomcat.util.net.SocketProcessorBase.run(SocketProcessorBase.java:49)
	at java.util.concurrent.ThreadPoolExecutor.runWorker(ThreadPoolExecutor.java:1142)
	at java.util.concurrent.ThreadPoolExecutor$Worker.run(ThreadPoolExecutor.java:617)
	at org.apache.tomcat.util.threads.TaskThread$WrappingRunnable.run(TaskThread.java:61)
	at java.lang.Thread.run(Thread.java:745)
2017-09-21 09:26:36,116 - 业务逻辑异常
cn.MrZhang.exception.ServiceException: 商品不存在
	at cn.MrZhang.service.Impl.OrderServiceImpl.findOne(OrderServiceImpl.java:100)
	at cn.MrZhang.service.Impl.OrderServiceImpl$$FastClassBySpringCGLIB$$f21f9012.invoke(<generated>)
	at org.springframework.cglib.proxy.MethodProxy.invoke(MethodProxy.java:204)
	at org.springframework.aop.framework.CglibAopProxy$DynamicAdvisedInterceptor.intercept(CglibAopProxy.java:669)
	at cn.MrZhang.service.Impl.OrderServiceImpl$$EnhancerBySpringCGLIB$$7ec57060.findOne(<generated>)
	at cn.MrZhang.service.Impl.BuyerServiceImpl.checkOwner(BuyerServiceImpl.java:47)
	at cn.MrZhang.service.Impl.BuyerServiceImpl.cancelOrder(BuyerServiceImpl.java:32)
	at cn.MrZhang.controller.BuyOrderController.cancel(BuyOrderController.java:106)
	at sun.reflect.NativeMethodAccessorImpl.invoke0(Native Method)
	at sun.reflect.NativeMethodAccessorImpl.invoke(NativeMethodAccessorImpl.java:62)
	at sun.reflect.DelegatingMethodAccessorImpl.invoke(DelegatingMethodAccessorImpl.java:43)
	at java.lang.reflect.Method.invoke(Method.java:498)
	at org.springframework.web.method.support.InvocableHandlerMethod.doInvoke(InvocableHandlerMethod.java:205)
	at org.springframework.web.method.support.InvocableHandlerMethod.invokeForRequest(InvocableHandlerMethod.java:133)
	at org.springframework.web.servlet.mvc.method.annotation.ServletInvocableHandlerMethod.invokeAndHandle(ServletInvocableHandlerMethod.java:97)
	at org.springframework.web.servlet.mvc.method.annotation.RequestMappingHandlerAdapter.invokeHandlerMethod(RequestMappingHandlerAdapter.java:827)
	at org.springframework.web.servlet.mvc.method.annotation.RequestMappingHandlerAdapter.handleInternal(RequestMappingHandlerAdapter.java:738)
	at org.springframework.web.servlet.mvc.method.AbstractHandlerMethodAdapter.handle(AbstractHandlerMethodAdapter.java:85)
	at org.springframework.web.servlet.DispatcherServlet.doDispatch(DispatcherServlet.java:963)
	at org.springframework.web.servlet.DispatcherServlet.doService(DispatcherServlet.java:897)
	at org.springframework.web.servlet.FrameworkServlet.processRequest(FrameworkServlet.java:970)
	at org.springframework.web.servlet.FrameworkServlet.doPost(FrameworkServlet.java:872)
	at javax.servlet.http.HttpServlet.service(HttpServlet.java:661)
	at org.springframework.web.servlet.FrameworkServlet.service(FrameworkServlet.java:846)
	at javax.servlet.http.HttpServlet.service(HttpServlet.java:742)
	at org.apache.catalina.core.ApplicationFilterChain.internalDoFilter(ApplicationFilterChain.java:231)
	at org.apache.catalina.core.ApplicationFilterChain.doFilter(ApplicationFilterChain.java:166)
	at org.apache.tomcat.websocket.server.WsFilter.doFilter(WsFilter.java:52)
	at org.apache.catalina.core.ApplicationFilterChain.internalDoFilter(ApplicationFilterChain.java:193)
	at org.apache.catalina.core.ApplicationFilterChain.doFilter(ApplicationFilterChain.java:166)
	at com.alibaba.druid.support.http.WebStatFilter.doFilter(WebStatFilter.java:123)
	at org.apache.catalina.core.ApplicationFilterChain.internalDoFilter(ApplicationFilterChain.java:193)
	at org.apache.catalina.core.ApplicationFilterChain.doFilter(ApplicationFilterChain.java:166)
	at org.springframework.web.filter.CharacterEncodingFilter.doFilterInternal(CharacterEncodingFilter.java:197)
	at org.springframework.web.filter.OncePerRequestFilter.doFilter(OncePerRequestFilter.java:107)
	at org.apache.catalina.core.ApplicationFilterChain.internalDoFilter(ApplicationFilterChain.java:193)
	at org.apache.catalina.core.ApplicationFilterChain.doFilter(ApplicationFilterChain.java:166)
	at org.apache.catalina.core.StandardWrapperValve.invoke(StandardWrapperValve.java:198)
	at org.apache.catalina.core.StandardContextValve.invoke(StandardContextValve.java:96)
	at org.apache.catalina.authenticator.AuthenticatorBase.invoke(AuthenticatorBase.java:478)
	at org.apache.catalina.core.StandardHostValve.invoke(StandardHostValve.java:140)
	at org.apache.catalina.valves.ErrorReportValve.invoke(ErrorReportValve.java:80)
	at org.apache.catalina.core.StandardEngineValve.invoke(StandardEngineValve.java:87)
	at org.apache.catalina.connector.CoyoteAdapter.service(CoyoteAdapter.java:342)
	at org.apache.coyote.http11.Http11Processor.service(Http11Processor.java:799)
	at org.apache.coyote.AbstractProcessorLight.process(AbstractProcessorLight.java:66)
	at org.apache.coyote.AbstractProtocol$ConnectionHandler.process(AbstractProtocol.java:861)
	at org.apache.tomcat.util.net.NioEndpoint$SocketProcessor.doRun(NioEndpoint.java:1455)
	at org.apache.tomcat.util.net.SocketProcessorBase.run(SocketProcessorBase.java:49)
	at java.util.concurrent.ThreadPoolExecutor.runWorker(ThreadPoolExecutor.java:1142)
	at java.util.concurrent.ThreadPoolExecutor$Worker.run(ThreadPoolExecutor.java:617)
	at org.apache.tomcat.util.threads.TaskThread$WrappingRunnable.run(TaskThread.java:61)
	at java.lang.Thread.run(Thread.java:745)
2017-09-21 09:27:32,290 - Closing org.springframework.boot.context.embedded.AnnotationConfigEmbeddedWebApplicationContext@bc45cb4: startup date [Thu Sep 21 09:25:04 CST 2017]; root of context hierarchy
2017-09-21 09:27:32,299 - Unregistering JMX-exposed beans on shutdown
2017-09-21 09:27:32,300 - Unregistering JMX-exposed beans
2017-09-21 09:27:32,324 - Closing JPA EntityManagerFactory for persistence unit 'default'
2017-09-21 09:27:32,334 - {dataSource-1} closed
2017-09-21 09:27:32,785 - Starting Application on MrZhang with PID 4340 (D:\workspace\sell\target\classes started by MrZhang in D:\workspace\sell)
2017-09-21 09:27:32,785 - The following profiles are active: dev
2017-09-21 09:27:32,789 - Refreshing org.springframework.boot.context.embedded.AnnotationConfigEmbeddedWebApplicationContext@7240a92f: startup date [Thu Sep 21 09:27:32 CST 2017]; root of context hierarchy
2017-09-21 09:27:33,430 - Multiple Spring Data modules found, entering strict repository configuration mode!
2017-09-21 09:27:33,493 - Multiple Spring Data modules found, entering strict repository configuration mode!
2017-09-21 09:27:33,525 - Spring Data Redis - Could not safely identify store assignment for repository candidate interface cn.MrZhang.repository.ProductInfoRepository.
2017-09-21 09:27:33,526 - Spring Data Redis - Could not safely identify store assignment for repository candidate interface cn.MrZhang.repository.OrderDetailRepository.
2017-09-21 09:27:33,527 - Spring Data Redis - Could not safely identify store assignment for repository candidate interface cn.MrZhang.repository.OrderMasterRepository.
2017-09-21 09:27:33,527 - Spring Data Redis - Could not safely identify store assignment for repository candidate interface cn.MrZhang.repository.ProductCategoryRepository.
2017-09-21 09:27:33,843 - Tomcat initialized with port(s): 8089 (http)
2017-09-21 09:27:33,873 - Root WebApplicationContext: initialization completed in 1084 ms
2017-09-21 09:27:33,939 - Mapping servlet: 'dispatcherServlet' to [/]
2017-09-21 09:27:33,946 - Mapping servlet: 'statViewServlet' to [/druid/*]
2017-09-21 09:27:33,948 - Mapping filter: 'characterEncodingFilter' to: [/*]
2017-09-21 09:27:33,950 - Mapping filter: 'webStatFilter' to urls: [/*]
2017-09-21 09:27:34,615 - Building JPA container EntityManagerFactory for persistence unit 'default'
2017-09-21 09:27:34,616 - HHH000204: Processing PersistenceUnitInfo [
	name: default
	...]
2017-09-21 09:27:34,680 - {dataSource-2} inited
2017-09-21 09:27:34,691 - HHH000400: Using dialect: org.hibernate.dialect.MySQL5Dialect
2017-09-21 09:27:34,908 - HHH000228: Running hbm2ddl schema update
2017-09-21 09:27:35,114 - Initialized JPA EntityManagerFactory for persistence unit 'default'
2017-09-21 09:27:35,446 - Mapped "{[/buyer/order/list],methods=[GET]}" onto public cn.MrZhang.vo.ResultVo<java.util.List<cn.MrZhang.dto.OrderDTO>> cn.MrZhang.controller.BuyOrderController.list(java.lang.String,java.lang.Integer,java.lang.Integer)
2017-09-21 09:27:35,447 - Mapped "{[/buyer/order/create],methods=[POST]}" onto public cn.MrZhang.vo.ResultVo<java.util.Map<java.lang.String, java.lang.String>> cn.MrZhang.controller.BuyOrderController.creat(cn.MrZhang.form.OrderForm)
2017-09-21 09:27:35,447 - Mapped "{[/buyer/order/cancel],methods=[POST]}" onto public cn.MrZhang.vo.ResultVo<java.util.List<cn.MrZhang.dto.OrderDTO>> cn.MrZhang.controller.BuyOrderController.cancel(java.lang.String,java.lang.String)
2017-09-21 09:27:35,448 - Mapped "{[/buyer/order/detail],methods=[GET]}" onto public cn.MrZhang.vo.ResultVo<java.util.List<cn.MrZhang.dto.OrderDTO>> cn.MrZhang.controller.BuyOrderController.detail(java.lang.String,java.lang.String)
2017-09-21 09:27:35,449 - Mapped "{[/buyer/product/list],methods=[GET]}" onto public cn.MrZhang.vo.ResultVo cn.MrZhang.controller.BuyProductController.list()
2017-09-21 09:27:35,452 - Mapped "{[/error]}" onto public org.springframework.http.ResponseEntity<java.util.Map<java.lang.String, java.lang.Object>> org.springframework.boot.autoconfigure.web.BasicErrorController.error(javax.servlet.http.HttpServletRequest)
2017-09-21 09:27:35,453 - Mapped "{[/error],produces=[text/html]}" onto public org.springframework.web.servlet.ModelAndView org.springframework.boot.autoconfigure.web.BasicErrorController.errorHtml(javax.servlet.http.HttpServletRequest,javax.servlet.http.HttpServletResponse)
2017-09-21 09:27:35,487 - Looking for @ControllerAdvice: org.springframework.boot.context.embedded.AnnotationConfigEmbeddedWebApplicationContext@7240a92f: startup date [Thu Sep 21 09:27:32 CST 2017]; root of context hierarchy
2017-09-21 09:27:35,500 - Detected @ExceptionHandler methods in commonExceptionAdvice
2017-09-21 09:27:35,706 - LiveReload server is running on port 35729
2017-09-21 09:27:35,802 - Registering beans for JMX exposure on startup
2017-09-21 09:27:35,803 - Bean with name 'statFilter' has been autodetected for JMX exposure
2017-09-21 09:27:35,803 - Bean with name 'dataSource' has been autodetected for JMX exposure
2017-09-21 09:27:35,812 - Located MBean 'dataSource': registering with JMX server as MBean [com.alibaba.druid.spring.boot.autoconfigure:name=dataSource,type=DruidDataSourceWrapper]
2017-09-21 09:27:35,816 - Located MBean 'statFilter': registering with JMX server as MBean [com.alibaba.druid.filter.stat:name=statFilter,type=StatFilter]
2017-09-21 09:27:35,839 - Tomcat started on port(s): 8089 (http)
2017-09-21 09:27:35,842 - Started Application in 3.147 seconds (JVM running for 152.936)
2017-09-21 09:28:03,698 - Closing org.springframework.boot.context.embedded.AnnotationConfigEmbeddedWebApplicationContext@7240a92f: startup date [Thu Sep 21 09:27:32 CST 2017]; root of context hierarchy
2017-09-21 09:28:03,702 - Unregistering JMX-exposed beans on shutdown
2017-09-21 09:28:03,703 - Unregistering JMX-exposed beans
2017-09-21 09:28:03,711 - Closing JPA EntityManagerFactory for persistence unit 'default'
2017-09-21 09:28:03,721 - {dataSource-2} closed
2017-09-21 09:28:04,278 - Starting Application on MrZhang with PID 4340 (D:\workspace\sell\target\classes started by MrZhang in D:\workspace\sell)
2017-09-21 09:28:04,278 - The following profiles are active: dev
2017-09-21 09:28:04,281 - Refreshing org.springframework.boot.context.embedded.AnnotationConfigEmbeddedWebApplicationContext@4b28f0dd: startup date [Thu Sep 21 09:28:04 CST 2017]; root of context hierarchy
2017-09-21 09:28:04,730 - Multiple Spring Data modules found, entering strict repository configuration mode!
2017-09-21 09:28:04,797 - Multiple Spring Data modules found, entering strict repository configuration mode!
2017-09-21 09:28:04,833 - Spring Data Redis - Could not safely identify store assignment for repository candidate interface cn.MrZhang.repository.ProductInfoRepository.
2017-09-21 09:28:04,833 - Spring Data Redis - Could not safely identify store assignment for repository candidate interface cn.MrZhang.repository.OrderDetailRepository.
2017-09-21 09:28:04,834 - Spring Data Redis - Could not safely identify store assignment for repository candidate interface cn.MrZhang.repository.OrderMasterRepository.
2017-09-21 09:28:04,835 - Spring Data Redis - Could not safely identify store assignment for repository candidate interface cn.MrZhang.repository.ProductCategoryRepository.
2017-09-21 09:28:05,088 - Tomcat initialized with port(s): 8089 (http)
2017-09-21 09:28:05,115 - Root WebApplicationContext: initialization completed in 834 ms
2017-09-21 09:28:05,153 - Mapping servlet: 'dispatcherServlet' to [/]
2017-09-21 09:28:05,153 - Mapping servlet: 'statViewServlet' to [/druid/*]
2017-09-21 09:28:05,154 - Mapping filter: 'characterEncodingFilter' to: [/*]
2017-09-21 09:28:05,154 - Mapping filter: 'webStatFilter' to urls: [/*]
2017-09-21 09:28:05,661 - Building JPA container EntityManagerFactory for persistence unit 'default'
2017-09-21 09:28:05,661 - HHH000204: Processing PersistenceUnitInfo [
	name: default
	...]
2017-09-21 09:28:05,680 - {dataSource-3} inited
2017-09-21 09:28:05,688 - HHH000400: Using dialect: org.hibernate.dialect.MySQL5Dialect
2017-09-21 09:28:05,753 - HHH000228: Running hbm2ddl schema update
2017-09-21 09:28:05,903 - Initialized JPA EntityManagerFactory for persistence unit 'default'
2017-09-21 09:28:06,076 - Mapped "{[/buyer/order/list],methods=[GET]}" onto public cn.MrZhang.vo.ResultVo<java.util.List<cn.MrZhang.dto.OrderDTO>> cn.MrZhang.controller.BuyOrderController.list(java.lang.String,java.lang.Integer,java.lang.Integer)
2017-09-21 09:28:06,078 - Mapped "{[/buyer/order/create],methods=[POST]}" onto public cn.MrZhang.vo.ResultVo<java.util.Map<java.lang.String, java.lang.String>> cn.MrZhang.controller.BuyOrderController.creat(cn.MrZhang.form.OrderForm)
2017-09-21 09:28:06,079 - Mapped "{[/buyer/order/cancel],methods=[POST]}" onto public cn.MrZhang.vo.ResultVo<java.util.List<cn.MrZhang.dto.OrderDTO>> cn.MrZhang.controller.BuyOrderController.cancel(java.lang.String,java.lang.String)
2017-09-21 09:28:06,080 - Mapped "{[/buyer/order/detail],methods=[GET]}" onto public cn.MrZhang.vo.ResultVo<java.util.List<cn.MrZhang.dto.OrderDTO>> cn.MrZhang.controller.BuyOrderController.detail(java.lang.String,java.lang.String)
2017-09-21 09:28:06,082 - Mapped "{[/buyer/product/list],methods=[GET]}" onto public cn.MrZhang.vo.ResultVo cn.MrZhang.controller.BuyProductController.list()
2017-09-21 09:28:06,089 - Mapped "{[/error]}" onto public org.springframework.http.ResponseEntity<java.util.Map<java.lang.String, java.lang.Object>> org.springframework.boot.autoconfigure.web.BasicErrorController.error(javax.servlet.http.HttpServletRequest)
2017-09-21 09:28:06,092 - Mapped "{[/error],produces=[text/html]}" onto public org.springframework.web.servlet.ModelAndView org.springframework.boot.autoconfigure.web.BasicErrorController.errorHtml(javax.servlet.http.HttpServletRequest,javax.servlet.http.HttpServletResponse)
2017-09-21 09:28:06,128 - Looking for @ControllerAdvice: org.springframework.boot.context.embedded.AnnotationConfigEmbeddedWebApplicationContext@4b28f0dd: startup date [Thu Sep 21 09:28:04 CST 2017]; root of context hierarchy
2017-09-21 09:28:06,144 - Detected @ExceptionHandler methods in commonExceptionAdvice
2017-09-21 09:28:06,319 - LiveReload server is running on port 35729
2017-09-21 09:28:06,357 - Registering beans for JMX exposure on startup
2017-09-21 09:28:06,358 - Bean with name 'statFilter' has been autodetected for JMX exposure
2017-09-21 09:28:06,360 - Bean with name 'dataSource' has been autodetected for JMX exposure
2017-09-21 09:28:06,362 - Located MBean 'dataSource': registering with JMX server as MBean [com.alibaba.druid.spring.boot.autoconfigure:name=dataSource,type=DruidDataSourceWrapper]
2017-09-21 09:28:06,363 - Located MBean 'statFilter': registering with JMX server as MBean [com.alibaba.druid.filter.stat:name=statFilter,type=StatFilter]
2017-09-21 09:28:06,377 - Tomcat started on port(s): 8089 (http)
2017-09-21 09:28:06,380 - Started Application in 2.149 seconds (JVM running for 183.473)
2017-09-21 09:29:02,689 - Closing org.springframework.boot.context.embedded.AnnotationConfigEmbeddedWebApplicationContext@4b28f0dd: startup date [Thu Sep 21 09:28:04 CST 2017]; root of context hierarchy
2017-09-21 09:29:02,692 - Unregistering JMX-exposed beans on shutdown
2017-09-21 09:29:02,693 - Unregistering JMX-exposed beans
2017-09-21 09:29:02,696 - Closing JPA EntityManagerFactory for persistence unit 'default'
2017-09-21 09:29:02,706 - {dataSource-3} closed
2017-09-21 09:29:03,255 - Starting Application on MrZhang with PID 4340 (D:\workspace\sell\target\classes started by MrZhang in D:\workspace\sell)
2017-09-21 09:29:03,255 - The following profiles are active: dev
2017-09-21 09:29:03,259 - Refreshing org.springframework.boot.context.embedded.AnnotationConfigEmbeddedWebApplicationContext@4e005bd8: startup date [Thu Sep 21 09:29:03 CST 2017]; root of context hierarchy
2017-09-21 09:29:03,866 - Multiple Spring Data modules found, entering strict repository configuration mode!
2017-09-21 09:29:03,921 - Multiple Spring Data modules found, entering strict repository configuration mode!
2017-09-21 09:29:03,975 - Spring Data Redis - Could not safely identify store assignment for repository candidate interface cn.MrZhang.repository.ProductInfoRepository.
2017-09-21 09:29:03,975 - Spring Data Redis - Could not safely identify store assignment for repository candidate interface cn.MrZhang.repository.OrderDetailRepository.
2017-09-21 09:29:03,977 - Spring Data Redis - Could not safely identify store assignment for repository candidate interface cn.MrZhang.repository.OrderMasterRepository.
2017-09-21 09:29:03,979 - Spring Data Redis - Could not safely identify store assignment for repository candidate interface cn.MrZhang.repository.ProductCategoryRepository.
2017-09-21 09:29:04,254 - Tomcat initialized with port(s): 8089 (http)
2017-09-21 09:29:04,286 - Root WebApplicationContext: initialization completed in 1027 ms
2017-09-21 09:29:04,332 - Mapping servlet: 'dispatcherServlet' to [/]
2017-09-21 09:29:04,334 - Mapping servlet: 'statViewServlet' to [/druid/*]
2017-09-21 09:29:04,335 - Mapping filter: 'characterEncodingFilter' to: [/*]
2017-09-21 09:29:04,335 - Mapping filter: 'webStatFilter' to urls: [/*]
2017-09-21 09:29:04,773 - Building JPA container EntityManagerFactory for persistence unit 'default'
2017-09-21 09:29:04,774 - HHH000204: Processing PersistenceUnitInfo [
	name: default
	...]
2017-09-21 09:29:04,794 - {dataSource-4} inited
2017-09-21 09:29:04,802 - HHH000400: Using dialect: org.hibernate.dialect.MySQL5Dialect
2017-09-21 09:29:04,851 - HHH000228: Running hbm2ddl schema update
2017-09-21 09:29:04,994 - Initialized JPA EntityManagerFactory for persistence unit 'default'
2017-09-21 09:29:05,197 - Mapped "{[/buyer/order/list],methods=[GET]}" onto public cn.MrZhang.vo.ResultVo<java.util.List<cn.MrZhang.dto.OrderDTO>> cn.MrZhang.controller.BuyOrderController.list(java.lang.String,java.lang.Integer,java.lang.Integer)
2017-09-21 09:29:05,198 - Mapped "{[/buyer/order/create],methods=[POST]}" onto public cn.MrZhang.vo.ResultVo<java.util.Map<java.lang.String, java.lang.String>> cn.MrZhang.controller.BuyOrderController.creat(cn.MrZhang.form.OrderForm)
2017-09-21 09:29:05,198 - Mapped "{[/buyer/order/cancel],methods=[POST]}" onto public cn.MrZhang.vo.ResultVo<java.util.List<cn.MrZhang.dto.OrderDTO>> cn.MrZhang.controller.BuyOrderController.cancel(java.lang.String,java.lang.String)
2017-09-21 09:29:05,198 - Mapped "{[/buyer/order/detail],methods=[GET]}" onto public cn.MrZhang.vo.ResultVo<java.util.List<cn.MrZhang.dto.OrderDTO>> cn.MrZhang.controller.BuyOrderController.detail(java.lang.String,java.lang.String)
2017-09-21 09:29:05,199 - Mapped "{[/buyer/product/list],methods=[GET]}" onto public cn.MrZhang.vo.ResultVo cn.MrZhang.controller.BuyProductController.list()
2017-09-21 09:29:05,203 - Mapped "{[/error]}" onto public org.springframework.http.ResponseEntity<java.util.Map<java.lang.String, java.lang.Object>> org.springframework.boot.autoconfigure.web.BasicErrorController.error(javax.servlet.http.HttpServletRequest)
2017-09-21 09:29:05,203 - Mapped "{[/error],produces=[text/html]}" onto public org.springframework.web.servlet.ModelAndView org.springframework.boot.autoconfigure.web.BasicErrorController.errorHtml(javax.servlet.http.HttpServletRequest,javax.servlet.http.HttpServletResponse)
2017-09-21 09:29:05,229 - Looking for @ControllerAdvice: org.springframework.boot.context.embedded.AnnotationConfigEmbeddedWebApplicationContext@4e005bd8: startup date [Thu Sep 21 09:29:03 CST 2017]; root of context hierarchy
2017-09-21 09:29:05,237 - Detected @ExceptionHandler methods in commonExceptionAdvice
2017-09-21 09:29:05,359 - LiveReload server is running on port 35729
2017-09-21 09:29:05,431 - Registering beans for JMX exposure on startup
2017-09-21 09:29:05,432 - Bean with name 'statFilter' has been autodetected for JMX exposure
2017-09-21 09:29:05,432 - Bean with name 'dataSource' has been autodetected for JMX exposure
2017-09-21 09:29:05,438 - Located MBean 'dataSource': registering with JMX server as MBean [com.alibaba.druid.spring.boot.autoconfigure:name=dataSource,type=DruidDataSourceWrapper]
2017-09-21 09:29:05,440 - Located MBean 'statFilter': registering with JMX server as MBean [com.alibaba.druid.filter.stat:name=statFilter,type=StatFilter]
2017-09-21 09:29:05,453 - Tomcat started on port(s): 8089 (http)
2017-09-21 09:29:05,455 - Started Application in 2.311 seconds (JVM running for 242.549)
2017-09-21 09:30:11,125 - FrameworkServlet 'dispatcherServlet': initialization started
2017-09-21 09:30:11,130 - FrameworkServlet 'dispatcherServlet': initialization completed in 4 ms
2017-09-21 09:30:11,153 - 业务逻辑异常
cn.MrZhang.exception.ServiceException: 订单不存在
	at cn.MrZhang.service.Impl.OrderServiceImpl.findOne(OrderServiceImpl.java:100)
	at cn.MrZhang.service.Impl.OrderServiceImpl$$FastClassBySpringCGLIB$$f21f9012.invoke(<generated>)
	at org.springframework.cglib.proxy.MethodProxy.invoke(MethodProxy.java:204)
	at org.springframework.aop.framework.CglibAopProxy$DynamicAdvisedInterceptor.intercept(CglibAopProxy.java:669)
	at cn.MrZhang.service.Impl.OrderServiceImpl$$EnhancerBySpringCGLIB$$7ec57060.findOne(<generated>)
	at cn.MrZhang.service.Impl.BuyerServiceImpl.checkOwner(BuyerServiceImpl.java:47)
	at cn.MrZhang.service.Impl.BuyerServiceImpl.cancelOrder(BuyerServiceImpl.java:32)
	at cn.MrZhang.controller.BuyOrderController.cancel(BuyOrderController.java:106)
	at sun.reflect.NativeMethodAccessorImpl.invoke0(Native Method)
	at sun.reflect.NativeMethodAccessorImpl.invoke(NativeMethodAccessorImpl.java:62)
	at sun.reflect.DelegatingMethodAccessorImpl.invoke(DelegatingMethodAccessorImpl.java:43)
	at java.lang.reflect.Method.invoke(Method.java:498)
	at org.springframework.web.method.support.InvocableHandlerMethod.doInvoke(InvocableHandlerMethod.java:205)
	at org.springframework.web.method.support.InvocableHandlerMethod.invokeForRequest(InvocableHandlerMethod.java:133)
	at org.springframework.web.servlet.mvc.method.annotation.ServletInvocableHandlerMethod.invokeAndHandle(ServletInvocableHandlerMethod.java:97)
	at org.springframework.web.servlet.mvc.method.annotation.RequestMappingHandlerAdapter.invokeHandlerMethod(RequestMappingHandlerAdapter.java:827)
	at org.springframework.web.servlet.mvc.method.annotation.RequestMappingHandlerAdapter.handleInternal(RequestMappingHandlerAdapter.java:738)
	at org.springframework.web.servlet.mvc.method.AbstractHandlerMethodAdapter.handle(AbstractHandlerMethodAdapter.java:85)
	at org.springframework.web.servlet.DispatcherServlet.doDispatch(DispatcherServlet.java:963)
	at org.springframework.web.servlet.DispatcherServlet.doService(DispatcherServlet.java:897)
	at org.springframework.web.servlet.FrameworkServlet.processRequest(FrameworkServlet.java:970)
	at org.springframework.web.servlet.FrameworkServlet.doPost(FrameworkServlet.java:872)
	at javax.servlet.http.HttpServlet.service(HttpServlet.java:661)
	at org.springframework.web.servlet.FrameworkServlet.service(FrameworkServlet.java:846)
	at javax.servlet.http.HttpServlet.service(HttpServlet.java:742)
	at org.apache.catalina.core.ApplicationFilterChain.internalDoFilter(ApplicationFilterChain.java:231)
	at org.apache.catalina.core.ApplicationFilterChain.doFilter(ApplicationFilterChain.java:166)
	at org.apache.tomcat.websocket.server.WsFilter.doFilter(WsFilter.java:52)
	at org.apache.catalina.core.ApplicationFilterChain.internalDoFilter(ApplicationFilterChain.java:193)
	at org.apache.catalina.core.ApplicationFilterChain.doFilter(ApplicationFilterChain.java:166)
	at com.alibaba.druid.support.http.WebStatFilter.doFilter(WebStatFilter.java:123)
	at org.apache.catalina.core.ApplicationFilterChain.internalDoFilter(ApplicationFilterChain.java:193)
	at org.apache.catalina.core.ApplicationFilterChain.doFilter(ApplicationFilterChain.java:166)
	at org.springframework.web.filter.CharacterEncodingFilter.doFilterInternal(CharacterEncodingFilter.java:197)
	at org.springframework.web.filter.OncePerRequestFilter.doFilter(OncePerRequestFilter.java:107)
	at org.apache.catalina.core.ApplicationFilterChain.internalDoFilter(ApplicationFilterChain.java:193)
	at org.apache.catalina.core.ApplicationFilterChain.doFilter(ApplicationFilterChain.java:166)
	at org.apache.catalina.core.StandardWrapperValve.invoke(StandardWrapperValve.java:198)
	at org.apache.catalina.core.StandardContextValve.invoke(StandardContextValve.java:96)
	at org.apache.catalina.authenticator.AuthenticatorBase.invoke(AuthenticatorBase.java:478)
	at org.apache.catalina.core.StandardHostValve.invoke(StandardHostValve.java:140)
	at org.apache.catalina.valves.ErrorReportValve.invoke(ErrorReportValve.java:80)
	at org.apache.catalina.core.StandardEngineValve.invoke(StandardEngineValve.java:87)
	at org.apache.catalina.connector.CoyoteAdapter.service(CoyoteAdapter.java:342)
	at org.apache.coyote.http11.Http11Processor.service(Http11Processor.java:799)
	at org.apache.coyote.AbstractProcessorLight.process(AbstractProcessorLight.java:66)
	at org.apache.coyote.AbstractProtocol$ConnectionHandler.process(AbstractProtocol.java:861)
	at org.apache.tomcat.util.net.NioEndpoint$SocketProcessor.doRun(NioEndpoint.java:1455)
	at org.apache.tomcat.util.net.SocketProcessorBase.run(SocketProcessorBase.java:49)
	at java.util.concurrent.ThreadPoolExecutor.runWorker(ThreadPoolExecutor.java:1142)
	at java.util.concurrent.ThreadPoolExecutor$Worker.run(ThreadPoolExecutor.java:617)
	at org.apache.tomcat.util.threads.TaskThread$WrappingRunnable.run(TaskThread.java:61)
	at java.lang.Thread.run(Thread.java:745)
2017-09-21 09:33:29,083 - Closing org.springframework.boot.context.embedded.AnnotationConfigEmbeddedWebApplicationContext@4e005bd8: startup date [Thu Sep 21 09:29:03 CST 2017]; root of context hierarchy
2017-09-21 09:33:29,085 - Unregistering JMX-exposed beans on shutdown
2017-09-21 09:33:29,086 - Unregistering JMX-exposed beans
2017-09-21 09:33:29,086 - Closing JPA EntityManagerFactory for persistence unit 'default'
2017-09-21 09:33:29,088 - {dataSource-4} closed
2017-09-21 09:33:29,618 - Starting Application on MrZhang with PID 4340 (D:\workspace\sell\target\classes started by MrZhang in D:\workspace\sell)
2017-09-21 09:33:29,618 - The following profiles are active: dev
2017-09-21 09:33:29,622 - Refreshing org.springframework.boot.context.embedded.AnnotationConfigEmbeddedWebApplicationContext@7ee30809: startup date [Thu Sep 21 09:33:29 CST 2017]; root of context hierarchy
2017-09-21 09:33:30,278 - Multiple Spring Data modules found, entering strict repository configuration mode!
2017-09-21 09:33:30,339 - Multiple Spring Data modules found, entering strict repository configuration mode!
2017-09-21 09:33:30,376 - Spring Data Redis - Could not safely identify store assignment for repository candidate interface cn.MrZhang.repository.ProductInfoRepository.
2017-09-21 09:33:30,377 - Spring Data Redis - Could not safely identify store assignment for repository candidate interface cn.MrZhang.repository.OrderDetailRepository.
2017-09-21 09:33:30,377 - Spring Data Redis - Could not safely identify store assignment for repository candidate interface cn.MrZhang.repository.OrderMasterRepository.
2017-09-21 09:33:30,383 - Spring Data Redis - Could not safely identify store assignment for repository candidate interface cn.MrZhang.repository.ProductCategoryRepository.
2017-09-21 09:33:30,624 - Tomcat initialized with port(s): 8089 (http)
2017-09-21 09:33:30,657 - Root WebApplicationContext: initialization completed in 1035 ms
2017-09-21 09:33:30,706 - Mapping servlet: 'dispatcherServlet' to [/]
2017-09-21 09:33:30,706 - Mapping servlet: 'statViewServlet' to [/druid/*]
2017-09-21 09:33:30,707 - Mapping filter: 'characterEncodingFilter' to: [/*]
2017-09-21 09:33:30,707 - Mapping filter: 'webStatFilter' to urls: [/*]
2017-09-21 09:33:31,136 - Building JPA container EntityManagerFactory for persistence unit 'default'
2017-09-21 09:33:31,136 - HHH000204: Processing PersistenceUnitInfo [
	name: default
	...]
2017-09-21 09:33:31,155 - {dataSource-5} inited
2017-09-21 09:33:31,165 - HHH000400: Using dialect: org.hibernate.dialect.MySQL5Dialect
2017-09-21 09:33:31,215 - HHH000228: Running hbm2ddl schema update
2017-09-21 09:33:31,374 - Initialized JPA EntityManagerFactory for persistence unit 'default'
2017-09-21 09:33:31,583 - Mapped "{[/buyer/order/list],methods=[GET]}" onto public cn.MrZhang.vo.ResultVo<java.util.List<cn.MrZhang.dto.OrderDTO>> cn.MrZhang.controller.BuyOrderController.list(java.lang.String,java.lang.Integer,java.lang.Integer)
2017-09-21 09:33:31,584 - Mapped "{[/buyer/order/create],methods=[POST]}" onto public cn.MrZhang.vo.ResultVo<java.util.Map<java.lang.String, java.lang.String>> cn.MrZhang.controller.BuyOrderController.creat(cn.MrZhang.form.OrderForm)
2017-09-21 09:33:31,584 - Mapped "{[/buyer/order/cancel],methods=[POST]}" onto public cn.MrZhang.vo.ResultVo<java.util.List<cn.MrZhang.dto.OrderDTO>> cn.MrZhang.controller.BuyOrderController.cancel(java.lang.String,java.lang.String)
2017-09-21 09:33:31,584 - Mapped "{[/buyer/order/detail],methods=[GET]}" onto public cn.MrZhang.vo.ResultVo<java.util.List<cn.MrZhang.dto.OrderDTO>> cn.MrZhang.controller.BuyOrderController.detail(java.lang.String,java.lang.String)
2017-09-21 09:33:31,585 - Mapped "{[/buyer/product/list],methods=[GET]}" onto public cn.MrZhang.vo.ResultVo cn.MrZhang.controller.BuyProductController.list()
2017-09-21 09:33:31,587 - Mapped "{[/error]}" onto public org.springframework.http.ResponseEntity<java.util.Map<java.lang.String, java.lang.Object>> org.springframework.boot.autoconfigure.web.BasicErrorController.error(javax.servlet.http.HttpServletRequest)
2017-09-21 09:33:31,587 - Mapped "{[/error],produces=[text/html]}" onto public org.springframework.web.servlet.ModelAndView org.springframework.boot.autoconfigure.web.BasicErrorController.errorHtml(javax.servlet.http.HttpServletRequest,javax.servlet.http.HttpServletResponse)
2017-09-21 09:33:31,616 - Looking for @ControllerAdvice: org.springframework.boot.context.embedded.AnnotationConfigEmbeddedWebApplicationContext@7ee30809: startup date [Thu Sep 21 09:33:29 CST 2017]; root of context hierarchy
2017-09-21 09:33:31,627 - Detected @ExceptionHandler methods in commonExceptionAdvice
2017-09-21 09:33:31,757 - LiveReload server is running on port 35729
2017-09-21 09:33:31,822 - Registering beans for JMX exposure on startup
2017-09-21 09:33:31,823 - Bean with name 'statFilter' has been autodetected for JMX exposure
2017-09-21 09:33:31,823 - Bean with name 'dataSource' has been autodetected for JMX exposure
2017-09-21 09:33:31,826 - Located MBean 'dataSource': registering with JMX server as MBean [com.alibaba.druid.spring.boot.autoconfigure:name=dataSource,type=DruidDataSourceWrapper]
2017-09-21 09:33:31,827 - Located MBean 'statFilter': registering with JMX server as MBean [com.alibaba.druid.filter.stat:name=statFilter,type=StatFilter]
2017-09-21 09:33:31,843 - Tomcat started on port(s): 8089 (http)
2017-09-21 09:33:31,847 - Started Application in 2.276 seconds (JVM running for 508.941)
2017-09-21 09:33:36,658 - FrameworkServlet 'dispatcherServlet': initialization started
2017-09-21 09:33:36,662 - FrameworkServlet 'dispatcherServlet': initialization completed in 3 ms
2017-09-21 09:33:36,683 - 业务逻辑异常
cn.MrZhang.exception.ServiceException: 订单不存在
	at cn.MrZhang.service.Impl.OrderServiceImpl.findOne(OrderServiceImpl.java:100)
	at cn.MrZhang.service.Impl.OrderServiceImpl$$FastClassBySpringCGLIB$$f21f9012.invoke(<generated>)
	at org.springframework.cglib.proxy.MethodProxy.invoke(MethodProxy.java:204)
	at org.springframework.aop.framework.CglibAopProxy$DynamicAdvisedInterceptor.intercept(CglibAopProxy.java:669)
	at cn.MrZhang.service.Impl.OrderServiceImpl$$EnhancerBySpringCGLIB$$7ec57060.findOne(<generated>)
	at cn.MrZhang.service.Impl.BuyerServiceImpl.checkOwner(BuyerServiceImpl.java:47)
	at cn.MrZhang.service.Impl.BuyerServiceImpl.cancelOrder(BuyerServiceImpl.java:32)
	at cn.MrZhang.controller.BuyOrderController.cancel(BuyOrderController.java:106)
	at sun.reflect.NativeMethodAccessorImpl.invoke0(Native Method)
	at sun.reflect.NativeMethodAccessorImpl.invoke(NativeMethodAccessorImpl.java:62)
	at sun.reflect.DelegatingMethodAccessorImpl.invoke(DelegatingMethodAccessorImpl.java:43)
	at java.lang.reflect.Method.invoke(Method.java:498)
	at org.springframework.web.method.support.InvocableHandlerMethod.doInvoke(InvocableHandlerMethod.java:205)
	at org.springframework.web.method.support.InvocableHandlerMethod.invokeForRequest(InvocableHandlerMethod.java:133)
	at org.springframework.web.servlet.mvc.method.annotation.ServletInvocableHandlerMethod.invokeAndHandle(ServletInvocableHandlerMethod.java:97)
	at org.springframework.web.servlet.mvc.method.annotation.RequestMappingHandlerAdapter.invokeHandlerMethod(RequestMappingHandlerAdapter.java:827)
	at org.springframework.web.servlet.mvc.method.annotation.RequestMappingHandlerAdapter.handleInternal(RequestMappingHandlerAdapter.java:738)
	at org.springframework.web.servlet.mvc.method.AbstractHandlerMethodAdapter.handle(AbstractHandlerMethodAdapter.java:85)
	at org.springframework.web.servlet.DispatcherServlet.doDispatch(DispatcherServlet.java:963)
	at org.springframework.web.servlet.DispatcherServlet.doService(DispatcherServlet.java:897)
	at org.springframework.web.servlet.FrameworkServlet.processRequest(FrameworkServlet.java:970)
	at org.springframework.web.servlet.FrameworkServlet.doPost(FrameworkServlet.java:872)
	at javax.servlet.http.HttpServlet.service(HttpServlet.java:661)
	at org.springframework.web.servlet.FrameworkServlet.service(FrameworkServlet.java:846)
	at javax.servlet.http.HttpServlet.service(HttpServlet.java:742)
	at org.apache.catalina.core.ApplicationFilterChain.internalDoFilter(ApplicationFilterChain.java:231)
	at org.apache.catalina.core.ApplicationFilterChain.doFilter(ApplicationFilterChain.java:166)
	at org.apache.tomcat.websocket.server.WsFilter.doFilter(WsFilter.java:52)
	at org.apache.catalina.core.ApplicationFilterChain.internalDoFilter(ApplicationFilterChain.java:193)
	at org.apache.catalina.core.ApplicationFilterChain.doFilter(ApplicationFilterChain.java:166)
	at com.alibaba.druid.support.http.WebStatFilter.doFilter(WebStatFilter.java:123)
	at org.apache.catalina.core.ApplicationFilterChain.internalDoFilter(ApplicationFilterChain.java:193)
	at org.apache.catalina.core.ApplicationFilterChain.doFilter(ApplicationFilterChain.java:166)
	at org.springframework.web.filter.CharacterEncodingFilter.doFilterInternal(CharacterEncodingFilter.java:197)
	at org.springframework.web.filter.OncePerRequestFilter.doFilter(OncePerRequestFilter.java:107)
	at org.apache.catalina.core.ApplicationFilterChain.internalDoFilter(ApplicationFilterChain.java:193)
	at org.apache.catalina.core.ApplicationFilterChain.doFilter(ApplicationFilterChain.java:166)
	at org.apache.catalina.core.StandardWrapperValve.invoke(StandardWrapperValve.java:198)
	at org.apache.catalina.core.StandardContextValve.invoke(StandardContextValve.java:96)
	at org.apache.catalina.authenticator.AuthenticatorBase.invoke(AuthenticatorBase.java:478)
	at org.apache.catalina.core.StandardHostValve.invoke(StandardHostValve.java:140)
	at org.apache.catalina.valves.ErrorReportValve.invoke(ErrorReportValve.java:80)
	at org.apache.catalina.core.StandardEngineValve.invoke(StandardEngineValve.java:87)
	at org.apache.catalina.connector.CoyoteAdapter.service(CoyoteAdapter.java:342)
	at org.apache.coyote.http11.Http11Processor.service(Http11Processor.java:799)
	at org.apache.coyote.AbstractProcessorLight.process(AbstractProcessorLight.java:66)
	at org.apache.coyote.AbstractProtocol$ConnectionHandler.process(AbstractProtocol.java:861)
	at org.apache.tomcat.util.net.NioEndpoint$SocketProcessor.doRun(NioEndpoint.java:1455)
	at org.apache.tomcat.util.net.SocketProcessorBase.run(SocketProcessorBase.java:49)
	at java.util.concurrent.ThreadPoolExecutor.runWorker(ThreadPoolExecutor.java:1142)
	at java.util.concurrent.ThreadPoolExecutor$Worker.run(ThreadPoolExecutor.java:617)
	at org.apache.tomcat.util.threads.TaskThread$WrappingRunnable.run(TaskThread.java:61)
	at java.lang.Thread.run(Thread.java:745)
2017-09-21 09:33:39,251 - 业务逻辑异常
cn.MrZhang.exception.ServiceException: 订单不存在
	at cn.MrZhang.service.Impl.OrderServiceImpl.findOne(OrderServiceImpl.java:100)
	at cn.MrZhang.service.Impl.OrderServiceImpl$$FastClassBySpringCGLIB$$f21f9012.invoke(<generated>)
	at org.springframework.cglib.proxy.MethodProxy.invoke(MethodProxy.java:204)
	at org.springframework.aop.framework.CglibAopProxy$DynamicAdvisedInterceptor.intercept(CglibAopProxy.java:669)
	at cn.MrZhang.service.Impl.OrderServiceImpl$$EnhancerBySpringCGLIB$$7ec57060.findOne(<generated>)
	at cn.MrZhang.service.Impl.BuyerServiceImpl.checkOwner(BuyerServiceImpl.java:47)
	at cn.MrZhang.service.Impl.BuyerServiceImpl.cancelOrder(BuyerServiceImpl.java:32)
	at cn.MrZhang.controller.BuyOrderController.cancel(BuyOrderController.java:106)
	at sun.reflect.NativeMethodAccessorImpl.invoke0(Native Method)
	at sun.reflect.NativeMethodAccessorImpl.invoke(NativeMethodAccessorImpl.java:62)
	at sun.reflect.DelegatingMethodAccessorImpl.invoke(DelegatingMethodAccessorImpl.java:43)
	at java.lang.reflect.Method.invoke(Method.java:498)
	at org.springframework.web.method.support.InvocableHandlerMethod.doInvoke(InvocableHandlerMethod.java:205)
	at org.springframework.web.method.support.InvocableHandlerMethod.invokeForRequest(InvocableHandlerMethod.java:133)
	at org.springframework.web.servlet.mvc.method.annotation.ServletInvocableHandlerMethod.invokeAndHandle(ServletInvocableHandlerMethod.java:97)
	at org.springframework.web.servlet.mvc.method.annotation.RequestMappingHandlerAdapter.invokeHandlerMethod(RequestMappingHandlerAdapter.java:827)
	at org.springframework.web.servlet.mvc.method.annotation.RequestMappingHandlerAdapter.handleInternal(RequestMappingHandlerAdapter.java:738)
	at org.springframework.web.servlet.mvc.method.AbstractHandlerMethodAdapter.handle(AbstractHandlerMethodAdapter.java:85)
	at org.springframework.web.servlet.DispatcherServlet.doDispatch(DispatcherServlet.java:963)
	at org.springframework.web.servlet.DispatcherServlet.doService(DispatcherServlet.java:897)
	at org.springframework.web.servlet.FrameworkServlet.processRequest(FrameworkServlet.java:970)
	at org.springframework.web.servlet.FrameworkServlet.doPost(FrameworkServlet.java:872)
	at javax.servlet.http.HttpServlet.service(HttpServlet.java:661)
	at org.springframework.web.servlet.FrameworkServlet.service(FrameworkServlet.java:846)
	at javax.servlet.http.HttpServlet.service(HttpServlet.java:742)
	at org.apache.catalina.core.ApplicationFilterChain.internalDoFilter(ApplicationFilterChain.java:231)
	at org.apache.catalina.core.ApplicationFilterChain.doFilter(ApplicationFilterChain.java:166)
	at org.apache.tomcat.websocket.server.WsFilter.doFilter(WsFilter.java:52)
	at org.apache.catalina.core.ApplicationFilterChain.internalDoFilter(ApplicationFilterChain.java:193)
	at org.apache.catalina.core.ApplicationFilterChain.doFilter(ApplicationFilterChain.java:166)
	at com.alibaba.druid.support.http.WebStatFilter.doFilter(WebStatFilter.java:123)
	at org.apache.catalina.core.ApplicationFilterChain.internalDoFilter(ApplicationFilterChain.java:193)
	at org.apache.catalina.core.ApplicationFilterChain.doFilter(ApplicationFilterChain.java:166)
	at org.springframework.web.filter.CharacterEncodingFilter.doFilterInternal(CharacterEncodingFilter.java:197)
	at org.springframework.web.filter.OncePerRequestFilter.doFilter(OncePerRequestFilter.java:107)
	at org.apache.catalina.core.ApplicationFilterChain.internalDoFilter(ApplicationFilterChain.java:193)
	at org.apache.catalina.core.ApplicationFilterChain.doFilter(ApplicationFilterChain.java:166)
	at org.apache.catalina.core.StandardWrapperValve.invoke(StandardWrapperValve.java:198)
	at org.apache.catalina.core.StandardContextValve.invoke(StandardContextValve.java:96)
	at org.apache.catalina.authenticator.AuthenticatorBase.invoke(AuthenticatorBase.java:478)
	at org.apache.catalina.core.StandardHostValve.invoke(StandardHostValve.java:140)
	at org.apache.catalina.valves.ErrorReportValve.invoke(ErrorReportValve.java:80)
	at org.apache.catalina.core.StandardEngineValve.invoke(StandardEngineValve.java:87)
	at org.apache.catalina.connector.CoyoteAdapter.service(CoyoteAdapter.java:342)
	at org.apache.coyote.http11.Http11Processor.service(Http11Processor.java:799)
	at org.apache.coyote.AbstractProcessorLight.process(AbstractProcessorLight.java:66)
	at org.apache.coyote.AbstractProtocol$ConnectionHandler.process(AbstractProtocol.java:861)
	at org.apache.tomcat.util.net.NioEndpoint$SocketProcessor.doRun(NioEndpoint.java:1455)
	at org.apache.tomcat.util.net.SocketProcessorBase.run(SocketProcessorBase.java:49)
	at java.util.concurrent.ThreadPoolExecutor.runWorker(ThreadPoolExecutor.java:1142)
	at java.util.concurrent.ThreadPoolExecutor$Worker.run(ThreadPoolExecutor.java:617)
	at org.apache.tomcat.util.threads.TaskThread$WrappingRunnable.run(TaskThread.java:61)
	at java.lang.Thread.run(Thread.java:745)
